uk
ac
newcastle
enterprisemiddleware
taxi
org
eclipse
microprofile
openapi
annotations
Operation
org
eclipse
microprofile
openapi
annotations
media
Schema
org
eclipse
microprofile
openapi
annotations
parameters
Parameter
org
eclipse
microprofile
openapi
annotations
responses
APIResponse
org
eclipse
microprofile
openapi
annotations
responses
APIResponses
org
jboss
resteasy
reactive
Cache
uk
ac
newcastle
enterprisemiddleware
util
RestServiceException
javax
inject
Inject
javax
inject
Named
javax
persistence
NoResultException
javax
transaction
Transactional
javax
validation
ConstraintViolation
javax
validation
ConstraintViolationException
javax
validation
Valid
javax
ws
rs
javax
ws
rs
core
MediaType
javax
ws
rs
core
Response
java
util
HashMap
java
util
Map
java
util
logging
Logger
TaxiRestService
Logger
log
TaxiService
taxiService
Response
getTaxiById
Long
id
Taxi
taxi
taxiService
getTaxiById
id
taxi
Response
status
Response
Status
NOT_FOUND
build
log
info
id
taxi
Response
ok
taxi
build
Response
getTaxiByRegistration
String
registration
Taxi
taxi
registration
length
Response
status
Response
Status
BAD_REQUEST
build
taxi
taxiService
getTaxiByRegistration
registration
NoResultException
e
RestServiceException
registration
Response
Status
NOT_FOUND
Response
ok
taxi
build
Response
getAllTaxis
Response
ok
taxiService
getAllTaxis
build
Response
createTaxi
TaxiDTO
taxiDTO
taxiDTO
RestServiceException
Response
Status
BAD_REQUEST
taxiDTO
getNumberOfSeats
taxiDTO
getNumberOfSeats
RestServiceException
Response
Status
BAD_REQUEST
Taxi
taxi
Taxi
taxi
setId
taxi
setRegistration
taxiDTO
getRegistration
taxi
setNumberOfSeats
taxiDTO
getNumberOfSeats
Response
ResponseBuilder
builder
taxiService
createTaxi
taxi
builder
Response
status
Response
Status
CREATED
entity
taxi
ConstraintViolationException
e
Map
String
String
responseObj
HashMap
ConstraintViolation
violation
e
getConstraintViolations
responseObj
put
violation
getPropertyPath
toString
violation
getMessage
RestServiceException
responseObj
Response
Status
BAD_REQUEST
e
UniqueRegistrationException
e
Map
String
String
responseObj
HashMap
responseObj
put
RestServiceException
responseObj
Response
Status
CONFLICT
e
Exception
e
RestServiceException
e
log
info
taxi
builder
build
Response
updateTaxi
Long
id
TaxiDTO
updatedTaxiDTO
updatedTaxiDTO
RestServiceException
Response
Status
BAD_REQUEST
Taxi
existingTaxi
taxiService
getTaxiById
id
existingTaxi
RestServiceException
id
Response
Status
NOT_FOUND
Response
ResponseBuilder
builder
existingTaxi
setRegistration
updatedTaxiDTO
getRegistration
existingTaxi
setNumberOfSeats
updatedTaxiDTO
getNumberOfSeats
taxiService
updateTaxi
existingTaxi
builder
Response
ok
existingTaxi
ConstraintViolationException
e
Map
String
String
responseObj
HashMap
ConstraintViolation
violation
e
getConstraintViolations
responseObj
put
violation
getPropertyPath
toString
violation
getMessage
RestServiceException
responseObj
Response
Status
BAD_REQUEST
e
UniqueRegistrationException
e
Map
String
String
responseObj
HashMap
responseObj
put
RestServiceException
responseObj
Response
Status
BAD_REQUEST
e
Exception
e
RestServiceException
e
log
info
updatedTaxiDTO
builder
build
Response
deleteTaxi
Long
id
Response
ResponseBuilder
builder
Taxi
taxi
taxiService
getTaxiById
id
taxi
RestServiceException
id
Response
Status
NOT_FOUND
taxiService
deleteTaxi
taxi
builder
Response
noContent
Exception
e
RestServiceException
e
log
info
taxi
builder
build
